<?xml version="1.0" encoding="UTF-8"?>
<testsuite name="com.eshopping.cart.CartMicroserviceApplicationTests" tests="14" skipped="0" failures="0" errors="0" timestamp="2022-08-24T05:45:25" hostname="UDAY-LAPTOP" time="0.212">
  <properties/>
  <testcase name="testTotalAmount()" classname="com.eshopping.cart.CartMicroserviceApplicationTests" time="0.081"/>
  <testcase name="testDeleteAllCartItems()" classname="com.eshopping.cart.CartMicroserviceApplicationTests" time="0.009"/>
  <testcase name="testGetAllCartItems()" classname="com.eshopping.cart.CartMicroserviceApplicationTests" time="0.012"/>
  <testcase name="testDeleteItemByItemId()" classname="com.eshopping.cart.CartMicroserviceApplicationTests" time="0.006"/>
  <testcase name="testGetItemByItemId()" classname="com.eshopping.cart.CartMicroserviceApplicationTests" time="0.007"/>
  <testcase name="testSetCreateCart()" classname="com.eshopping.cart.CartMicroserviceApplicationTests" time="0.007"/>
  <testcase name="testUpdateCartItem()" classname="com.eshopping.cart.CartMicroserviceApplicationTests" time="0.004"/>
  <testcase name="testAddItemToCart()" classname="com.eshopping.cart.CartMicroserviceApplicationTests" time="0.006"/>
  <testcase name="testCreateCart()" classname="com.eshopping.cart.CartMicroserviceApplicationTests" time="0.005"/>
  <testcase name="testCartItems()" classname="com.eshopping.cart.CartMicroserviceApplicationTests" time="0.005"/>
  <testcase name="testGetCartId()" classname="com.eshopping.cart.CartMicroserviceApplicationTests" time="0.007"/>
  <testcase name="testGetTotalAmount()" classname="com.eshopping.cart.CartMicroserviceApplicationTests" time="0.009"/>
  <testcase name="testGetCartItems()" classname="com.eshopping.cart.CartMicroserviceApplicationTests" time="0.006"/>
  <testcase name="testTotalAmountEmptyList()" classname="com.eshopping.cart.CartMicroserviceApplicationTests" time="0.007"/>
  <system-out><![CDATA[11:15:13.891 [Test worker] DEBUG org.springframework.test.context.BootstrapUtils - Instantiating CacheAwareContextLoaderDelegate from class [org.springframework.test.context.cache.DefaultCacheAwareContextLoaderDelegate]
11:15:13.938 [Test worker] DEBUG org.springframework.test.context.BootstrapUtils - Instantiating BootstrapContext using constructor [public org.springframework.test.context.support.DefaultBootstrapContext(java.lang.Class,org.springframework.test.context.CacheAwareContextLoaderDelegate)]
11:15:14.032 [Test worker] DEBUG org.springframework.test.context.BootstrapUtils - Instantiating TestContextBootstrapper for test class [com.eshopping.cart.CartMicroserviceApplicationTests] from class [org.springframework.boot.test.context.SpringBootTestContextBootstrapper]
11:15:14.063 [Test worker] INFO org.springframework.boot.test.context.SpringBootTestContextBootstrapper - Neither @ContextConfiguration nor @ContextHierarchy found for test class [com.eshopping.cart.CartMicroserviceApplicationTests], using SpringBootContextLoader
11:15:14.063 [Test worker] DEBUG org.springframework.test.context.support.AbstractContextLoader - Did not detect default resource location for test class [com.eshopping.cart.CartMicroserviceApplicationTests]: class path resource [com/eshopping/cart/CartMicroserviceApplicationTests-context.xml] does not exist
11:15:14.079 [Test worker] DEBUG org.springframework.test.context.support.AbstractContextLoader - Did not detect default resource location for test class [com.eshopping.cart.CartMicroserviceApplicationTests]: class path resource [com/eshopping/cart/CartMicroserviceApplicationTestsContext.groovy] does not exist
11:15:14.079 [Test worker] INFO org.springframework.test.context.support.AbstractContextLoader - Could not detect default resource locations for test class [com.eshopping.cart.CartMicroserviceApplicationTests]: no resource found for suffixes {-context.xml, Context.groovy}.
11:15:14.079 [Test worker] INFO org.springframework.test.context.support.AnnotationConfigContextLoaderUtils - Could not detect default configuration classes for test class [com.eshopping.cart.CartMicroserviceApplicationTests]: CartMicroserviceApplicationTests does not declare any static, non-private, non-final, nested classes annotated with @Configuration.
11:15:14.188 [Test worker] DEBUG org.springframework.test.context.support.ActiveProfilesUtils - Could not find an 'annotation declaring class' for annotation type [org.springframework.test.context.ActiveProfiles] and class [com.eshopping.cart.CartMicroserviceApplicationTests]
11:15:14.345 [Test worker] DEBUG org.springframework.context.annotation.ClassPathScanningCandidateComponentProvider - Identified candidate component class: file [C:\Users\udaym\Desktop\Shopping Cart System\Cart-microservice\build\classes\java\main\com\eshopping\cart\CartMicroserviceApplication.class]
11:15:14.345 [Test worker] INFO org.springframework.boot.test.context.SpringBootTestContextBootstrapper - Found @SpringBootConfiguration com.eshopping.cart.CartMicroserviceApplication for test class com.eshopping.cart.CartMicroserviceApplicationTests
11:15:14.642 [Test worker] DEBUG org.springframework.boot.test.context.SpringBootTestContextBootstrapper - @TestExecutionListeners is not present for class [com.eshopping.cart.CartMicroserviceApplicationTests]: using defaults.
11:15:14.642 [Test worker] INFO org.springframework.boot.test.context.SpringBootTestContextBootstrapper - Loaded default TestExecutionListener class names from location [META-INF/spring.factories]: [org.springframework.boot.test.autoconfigure.restdocs.RestDocsTestExecutionListener, org.springframework.boot.test.autoconfigure.web.client.MockRestServiceServerResetTestExecutionListener, org.springframework.boot.test.autoconfigure.web.servlet.MockMvcPrintOnlyOnFailureTestExecutionListener, org.springframework.boot.test.autoconfigure.web.servlet.WebDriverTestExecutionListener, org.springframework.boot.test.autoconfigure.webservices.client.MockWebServiceServerTestExecutionListener, org.springframework.boot.test.mock.mockito.MockitoTestExecutionListener, org.springframework.boot.test.mock.mockito.ResetMocksTestExecutionListener, org.springframework.test.context.web.ServletTestExecutionListener, org.springframework.test.context.support.DirtiesContextBeforeModesTestExecutionListener, org.springframework.test.context.event.ApplicationEventsTestExecutionListener, org.springframework.test.context.support.DependencyInjectionTestExecutionListener, org.springframework.test.context.support.DirtiesContextTestExecutionListener, org.springframework.test.context.transaction.TransactionalTestExecutionListener, org.springframework.test.context.jdbc.SqlScriptsTestExecutionListener, org.springframework.test.context.event.EventPublishingTestExecutionListener]
11:15:14.689 [Test worker] INFO org.springframework.boot.test.context.SpringBootTestContextBootstrapper - Using TestExecutionListeners: [org.springframework.test.context.web.ServletTestExecutionListener@64387c17, org.springframework.test.context.support.DirtiesContextBeforeModesTestExecutionListener@7c369270, org.springframework.test.context.event.ApplicationEventsTestExecutionListener@9f86dc3, org.springframework.boot.test.mock.mockito.MockitoTestExecutionListener@41d16cc3, org.springframework.boot.test.autoconfigure.SpringBootDependencyInjectionTestExecutionListener@662e682a, org.springframework.test.context.support.DirtiesContextTestExecutionListener@2e43c38d, org.springframework.test.context.transaction.TransactionalTestExecutionListener@649f25f3, org.springframework.test.context.jdbc.SqlScriptsTestExecutionListener@2e62ead7, org.springframework.test.context.event.EventPublishingTestExecutionListener@3b98b809, org.springframework.boot.test.autoconfigure.restdocs.RestDocsTestExecutionListener@bf75b5c, org.springframework.boot.test.autoconfigure.web.client.MockRestServiceServerResetTestExecutionListener@16da476c, org.springframework.boot.test.autoconfigure.web.servlet.MockMvcPrintOnlyOnFailureTestExecutionListener@2fd72332, org.springframework.boot.test.autoconfigure.web.servlet.WebDriverTestExecutionListener@51f18e31, org.springframework.boot.test.autoconfigure.webservices.client.MockWebServiceServerTestExecutionListener@60ed12e8, org.springframework.boot.test.mock.mockito.ResetMocksTestExecutionListener@24c8d8be]
11:15:14.705 [Test worker] DEBUG org.springframework.test.context.support.AbstractDirtiesContextTestExecutionListener - Before test class: context [DefaultTestContext@4735d6e5 testClass = CartMicroserviceApplicationTests, testInstance = [null], testMethod = [null], testException = [null], mergedContextConfiguration = [WebMergedContextConfiguration@79d3473e testClass = CartMicroserviceApplicationTests, locations = '{}', classes = '{class com.eshopping.cart.CartMicroserviceApplication}', contextInitializerClasses = '[]', activeProfiles = '{}', propertySourceLocations = '{}', propertySourceProperties = '{org.springframework.boot.test.context.SpringBootTestContextBootstrapper=true}', contextCustomizers = set[org.springframework.boot.test.autoconfigure.actuate.metrics.MetricsExportContextCustomizerFactory$DisableMetricExportContextCustomizer@3e3861d7, org.springframework.boot.test.autoconfigure.properties.PropertyMappingContextCustomizer@0, org.springframework.boot.test.autoconfigure.web.servlet.WebDriverContextCustomizerFactory$Customizer@316a598d, org.springframework.boot.test.context.filter.ExcludeFilterContextCustomizer@2eadc9f6, org.springframework.boot.test.json.DuplicateJsonObjectContextCustomizerFactory$DuplicateJsonObjectContextCustomizer@71ad3d8a, org.springframework.boot.test.mock.mockito.MockitoContextCustomizer@b0ab508a, org.springframework.boot.test.web.client.TestRestTemplateContextCustomizer@7ca8d498, org.springframework.boot.test.context.SpringBootTestArgs@1, org.springframework.boot.test.context.SpringBootTestWebEnvironment@e6516e], resourceBasePath = 'src/main/webapp', contextLoader = 'org.springframework.boot.test.context.SpringBootContextLoader', parent = [null]], attributes = map['org.springframework.test.context.web.ServletTestExecutionListener.activateListener' -> true]], class annotated with @DirtiesContext [false] with mode [null].

  .   ____          _            __ _ _
 /\\ / ___'_ __ _ _(_)_ __  __ _ \ \ \ \
( ( )\___ | '_ | '_| | '_ \/ _` | \ \ \ \
 \\/  ___)| |_)| | | | | || (_| |  ) ) ) )
  '  |____| .__|_| |_|_| |_\__, | / / / /
 =========|_|==============|___/=/_/_/_/
 :: Spring Boot ::                (v2.7.3)

2022-08-24 11:15:15.672  INFO 20764 --- [    Test worker] c.e.c.CartMicroserviceApplicationTests   : Starting CartMicroserviceApplicationTests using Java 17.0.2 on Uday-Laptop with PID 20764 (started by udaym in C:\Users\udaym\Desktop\Shopping Cart System\Cart-microservice)
2022-08-24 11:15:15.688  INFO 20764 --- [    Test worker] c.e.c.CartMicroserviceApplicationTests   : No active profile set, falling back to 1 default profile: "default"
2022-08-24 11:15:17.207  INFO 20764 --- [    Test worker] .s.d.r.c.RepositoryConfigurationDelegate : Bootstrapping Spring Data JPA repositories in DEFAULT mode.
2022-08-24 11:15:17.582  INFO 20764 --- [    Test worker] .s.d.r.c.RepositoryConfigurationDelegate : Finished Spring Data repository scanning in 358 ms. Found 2 JPA repository interfaces.
2022-08-24 11:15:18.051  INFO 20764 --- [    Test worker] o.s.cloud.context.scope.GenericScope     : BeanFactory id=1eff818e-ec1e-37e0-ae4b-8bb14944ccb6
2022-08-24 11:15:20.177  INFO 20764 --- [    Test worker] o.hibernate.jpa.internal.util.LogHelper  : HHH000204: Processing PersistenceUnitInfo [name: default]
2022-08-24 11:15:20.302  INFO 20764 --- [    Test worker] org.hibernate.Version                    : HHH000412: Hibernate ORM core version 5.6.10.Final
2022-08-24 11:15:20.396  INFO 20764 --- [    Test worker] o.hibernate.annotations.common.Version   : HCANN000001: Hibernate Commons Annotations {5.1.2.Final}
2022-08-24 11:15:20.646  INFO 20764 --- [    Test worker] com.zaxxer.hikari.HikariDataSource       : HikariPool-1 - Starting...
2022-08-24 11:15:21.349  INFO 20764 --- [    Test worker] com.zaxxer.hikari.HikariDataSource       : HikariPool-1 - Start completed.
2022-08-24 11:15:21.380  INFO 20764 --- [    Test worker] org.hibernate.dialect.Dialect            : HHH000400: Using dialect: org.hibernate.dialect.MySQL57InnoDBDialect
2022-08-24 11:15:22.443  INFO 20764 --- [    Test worker] o.h.e.t.j.p.i.JtaPlatformInitiator       : HHH000490: Using JtaPlatform implementation: [org.hibernate.engine.transaction.jta.platform.internal.NoJtaPlatform]
2022-08-24 11:15:22.474  INFO 20764 --- [    Test worker] j.LocalContainerEntityManagerFactoryBean : Initialized JPA EntityManagerFactory for persistence unit 'default'
2022-08-24 11:15:22.927  WARN 20764 --- [    Test worker] JpaBaseConfiguration$JpaWebConfiguration : spring.jpa.open-in-view is enabled by default. Therefore, database queries may be performed during view rendering. Explicitly configure spring.jpa.open-in-view to disable this warning
2022-08-24 11:15:24.478  INFO 20764 --- [    Test worker] DiscoveryClientOptionalArgsConfiguration : Eureka HTTP Client uses RestTemplate.
2022-08-24 11:15:24.925  WARN 20764 --- [    Test worker] iguration$LoadBalancerCaffeineWarnLogger : Spring Cloud LoadBalancer is currently working with the default cache. While this cache implementation is useful for development and tests, it's recommended to use Caffeine cache in production.You can switch to using Caffeine cache, by adding it and org.springframework.cache.caffeine.CaffeineCacheManager to the classpath.
2022-08-24 11:15:24.972  INFO 20764 --- [    Test worker] o.s.c.n.eureka.InstanceInfoFactory       : Setting initial instance status as: STARTING
2022-08-24 11:15:25.113  INFO 20764 --- [    Test worker] com.netflix.discovery.DiscoveryClient    : Initializing Eureka in region us-east-1
2022-08-24 11:15:25.113  INFO 20764 --- [    Test worker] c.n.d.s.r.aws.ConfigClusterResolver      : Resolving eureka endpoints via configuration
2022-08-24 11:15:25.175  INFO 20764 --- [    Test worker] com.netflix.discovery.DiscoveryClient    : Disable delta property : false
2022-08-24 11:15:25.175  INFO 20764 --- [    Test worker] com.netflix.discovery.DiscoveryClient    : Single vip registry refresh property : null
2022-08-24 11:15:25.175  INFO 20764 --- [    Test worker] com.netflix.discovery.DiscoveryClient    : Force full registry fetch : false
2022-08-24 11:15:25.175  INFO 20764 --- [    Test worker] com.netflix.discovery.DiscoveryClient    : Application is null : false
2022-08-24 11:15:25.175  INFO 20764 --- [    Test worker] com.netflix.discovery.DiscoveryClient    : Registered Applications size is zero : true
2022-08-24 11:15:25.175  INFO 20764 --- [    Test worker] com.netflix.discovery.DiscoveryClient    : Application version is -1: true
2022-08-24 11:15:25.175  INFO 20764 --- [    Test worker] com.netflix.discovery.DiscoveryClient    : Getting all instance registry info from the eureka server
2022-08-24 11:15:25.691  INFO 20764 --- [    Test worker] com.netflix.discovery.DiscoveryClient    : The response status is 200
2022-08-24 11:15:25.707  INFO 20764 --- [    Test worker] com.netflix.discovery.DiscoveryClient    : Starting heartbeat executor: renew interval is: 30
2022-08-24 11:15:25.707  INFO 20764 --- [    Test worker] c.n.discovery.InstanceInfoReplicator     : InstanceInfoReplicator onDemand update allowed rate per min is 4
2022-08-24 11:15:25.707  INFO 20764 --- [    Test worker] com.netflix.discovery.DiscoveryClient    : Discovery Client initialized at timestamp 1661319925707 with initial instances count: 2
2022-08-24 11:15:25.722  INFO 20764 --- [    Test worker] o.s.c.n.e.s.EurekaServiceRegistry        : Registering application CART-MICROSERVICE with eureka with status UP
2022-08-24 11:15:25.722  INFO 20764 --- [    Test worker] com.netflix.discovery.DiscoveryClient    : Saw local status change event StatusChangeEvent [timestamp=1661319925722, current=UP, previous=STARTING]
2022-08-24 11:15:25.722  INFO 20764 --- [nfoReplicator-0] com.netflix.discovery.DiscoveryClient    : DiscoveryClient_CART-MICROSERVICE/192.168.0.198:cart-microservice:8081: registering service...
2022-08-24 11:15:25.738  INFO 20764 --- [    Test worker] c.e.c.CartMicroserviceApplicationTests   : Started CartMicroserviceApplicationTests in 10.931 seconds (JVM running for 14.001)
2022-08-24 11:15:25.789  INFO 20764 --- [nfoReplicator-0] com.netflix.discovery.DiscoveryClient    : DiscoveryClient_CART-MICROSERVICE/192.168.0.198:cart-microservice:8081 - registration status: 204
]]></system-out>
  <system-err><![CDATA[]]></system-err>
</testsuite>
